[2022-05-24T17:08:32.503] [ERROR] error - C:\Users\sarav\Downloads\BackendCH\BackendJS\views\profile.pug:22
    20| .section-container
    21|   .products-container.grid
  > 22|     each element, index in allProducts
    23|       .product
    24|         a.product-link(href=`./productos/${element._id}`)
    25|         .product-content

Cannot read properties of undefined (reading 'length')
[2022-05-24T17:13:06.234] [ERROR] error - C:\Users\sarav\Downloads\BackendCH\BackendJS\views\profile.pug:22
    20| .section-container
    21|   .products-container.grid
  > 22|     each element, index in allProducts
    23|       .product
    24|         a.product-link(href=`./productos/${element._id}`)
    25|         .product-content

Cannot read properties of undefined (reading 'length')
[2022-05-24T17:25:18.293] [ERROR] error - C:\Users\sarav\Downloads\BackendCH\BackendJS\views\profile.pug:23
    21|   .info-container
    22|     .info
  > 23|       | Direccion: #{userInfoToRender.address}
    24|     .info
    25|       | Edad: #{userInfoToRender.age}
    26|     //- each element, index in allProducts

Cannot read properties of undefined (reading 'address')
[2022-05-24T22:07:22.095] [ERROR] error - C:\Users\sarav\Downloads\BackendCH\BackendJS\views\productDetails.pug:36:9

input is a self closing element: <input/> but contains nested content.
[2022-05-25T21:34:11.474] [ERROR] error - carts validation failed: products.0: Cast to [ObjectId] failed for value "[ 'bcf25b77-ade3-4b52-9e48-530d7ade8d93' ]" (type string) at path "products.0"
[2022-05-25T21:36:05.960] [ERROR] error - carts validation failed: products.0: Cast to [ObjectId] failed for value "[ 'bcf25b77-ade3-4b52-9e48-530d7ade8d93' ]" (type string) at path "products.0"
[2022-05-25T21:37:31.640] [ERROR] error - carts validation failed: products.0: Cast to [ObjectId] failed for value "[ 'bcf25b77-ade3-4b52-9e48-530d7ade8d93' ]" (type string) at path "products.0"
[2022-05-25T21:39:59.313] [ERROR] error - Parameter "obj" to Document() must be an object, got 628c7299b914f61a06299ca7
[2022-05-25T21:40:04.403] [ERROR] error - Parameter "obj" to Document() must be an object, got 628c7299b914f61a06299ca7
[2022-05-25T22:04:53.926] [ERROR] error - -MongoDB- undefined is not a valid ObjectId
[2022-05-25T22:05:52.776] [ERROR] error - -MongoDB- undefined is not a valid ObjectId
[2022-05-25T22:08:10.607] [ERROR] error - Cast to [ObjectId] failed for value "[ { quantity: '8' } ]" (type string) at path "products.0"
[2022-05-25T22:09:32.033] [ERROR] error - Cast to ObjectId failed for value "Promise {
  <rejected> Error: -MongoDB- bcf25b77-ade3-4b52-9e48-530d7ade8d93 is not a valid ObjectId
      at MongoProductsDao.getById (C:\Users\sarav\Downloads\BackendCH\BackendJS\models\containers\MongoContainer.js:31:48)
      at addProductToCart (C:\Users\sarav\Downloads\BackendCH\BackendJS\controllers\carts.controllers.js:65:31)
      at Layer.handle [as handle_request] (C:\Users\sarav\Downloads\BackendCH\BackendJS\node_modules\express\lib\router\layer.js:95:5)
      at next (C:\Users\sarav\Downloads\BackendCH\BackendJS\node_modules\express\lib\router\route.js:137:13)
      at Route.dispatch (C:\Users\sarav\Downloads\BackendCH\BackendJS\node_modules\express\lib\router\route.js:112:3)
      at Layer.handle [as handle_request] (C:\Users\sarav\Downloads\BackendCH\BackendJS\node_modules\express\lib\router\layer.js:95:5)
      at C:\Users\sarav\Downloads\BackendCH\BackendJS\node_modules\express\lib\router\index.js:281:22
      at param (C:\Users\sarav\Downloads\BackendCH\BackendJS\node_modules\express\lib\router\index.js:360:14)
      at param (C:\Users\sarav\Downloads\BackendCH\BackendJS\node_modules\express\lib\router\index.js:371:14)
      at Function.process_params (C:\Users\sarav\Downloads\BackendCH\BackendJS\node_modules\express\lib\router\index.js:416:3)
}" (type Promise) at path "products"
[2022-05-25T22:11:14.593] [ERROR] error - -MongoDB- Document with id: 628c7299b914f61a06299ca7 could not been found!
[2022-05-25T22:55:57.830] [ERROR] error - Cast to [ObjectId] failed for value "[\n' +
  '  {\n' +
  '    price: 11049.2,\n' +
  "    product: '628c3cf921a40c383e3be9b4',\n" +
  "    quantity: '8'\n" +
  '  }\n' +
  ']" (type string) at path "products.0"
[2022-05-25T23:02:32.740] [ERROR] error - Cast to [ObjectId] failed for value "[\n' +
  '  {\n' +
  '    price: 11049.2,\n' +
  '    product: {\n' +
  '      _id: new ObjectId("628c3cf921a40c383e3be9b4"),\n' +
  "      codigo: 'bcf25b77-ade3-4b52-9e48-530d7ade8d93',\n" +
  "      nombre: 'Mochila Notebook Candado Antirrobo Anti Cortes Agarre Carry',\n" +
  "      descripcion: 'La mochila South Port Antirrobo con candado TSA resistente al gua protege tus valiosos equipos en cualquier situación. Puedes estar tranquilo donde sea que vayas.\\n' +\n" +
  "        'Especialmente diseñada para que puedas llevar todo lo que necesites. Fabricada en los mejores materiales, protegerá los más valiosos equipos. No sólo la puedes usar como mochila, también la puedes usar como bolso gracias a su suave manija. Ademas cuenta con puerto USB el cual te permitira cargar el celular sin que tengas el Power Bank en tu bolsillo (no incluido). \\n' +\n" +
  "        '////////////////////////////////////////////////////////////////\\n' +\n" +
  "        '\\n' +\n" +
  "        'CARACTERÍSTICAS:\\n' +\n" +
  "        '\\n' +\n" +
  "        '\\n' +\n" +
  "        '- Capacidad de 30L\\n' +\n" +
  "        '\\n' +\n" +
  "        '- Compatible con Notebook hasta 15.6”\\n' +\n" +
  "        '\\n' +\n" +
  "        '- Sistema Seguro Antirrobo: Candado Antirrobo con contraseña\\n' +\n" +
  "        '\\n' +\n" +
  "        '- Tela Anti Cortes\\n' +\n" +
  "        '\\n' +\n" +
  "        '- Puerto USB para carga de celular\\n' +\n" +
  "        '\\n' +\n" +
  "        '- Puerto Para Auriculares\\n' +\n" +
  "        '\\n' +\n" +
  "        '- Interior con organizador inteligente\\n' +\n" +
  "        '\\n' +\n" +
  "        '- Candado incorporado\\n' +\n" +
  "        '\\n' +\n" +
  "        '- Material Resistente al Agua\\n' +\n" +
  "        '\\n' +\n" +
  "        '- Diseño Ergonómico\\n' +\n" +
  "        '\\n' +\n" +
  "        '- Agarre para Carry on\\n' +\n" +
  "        '\\n' +\n" +
  "        '- Tiras Ajustables en bolsillos\\n' +\n" +
  "        '\\n' +\n" +
  "        '- Bolsillos laterales de fácil acceso\\n' +\n" +
  "        '\\n' +\n" +
  "        '- Dimensiones: 50,8 x 30 x 14cm\\n' +\n" +
  "        '\\n' +\n" +
  "        '- Cierres Metalicos\\n' +\n" +
  "        '\\n' +\n" +
  "        '- Bolsillo Escondido de adelante\\n' +\n" +
  "        '\\n' +\n" +
  "        '- Viene con cable usb\\n' +\n" +
  "        '\\n' +\n" +
  "        '\\n' +\n" +
  "        'SE ENTREGA CON:\\n' +\n" +
  "        '\\n' +\n" +
  "        '\\n' +\n" +
  "        '- Mochila South Port Usb x 1\\n' +\n" +
  "        '\\n' +\n" +
  "        '- Cable usb x 1\\n' +\n" +
  "        '\\n' +\n" +
  "        '- Cable auxiliar 3.5 mm x 1',\n" +
  "      foto: 'https://http2.mlstatic.com/D_NQ_NP_2X_887480-MLA46819898122_072021-F.webp',\n" +
  '      precio: 11049.2,\n' +
  '      stock: 11\n' +
  '    },\n' +
  "    quantity: '8'\n" +
  '  }\n' +
  ']" (type string) at path "products.0"
[2022-05-25T23:05:10.594] [ERROR] error - Cast to [ObjectId] failed for value "[\n' +
  '  {\n' +
  '    price: 11049.2,\n' +
  '    product: {\n' +
  '      _id: new ObjectId("628c3cf921a40c383e3be9b4"),\n' +
  "      codigo: 'bcf25b77-ade3-4b52-9e48-530d7ade8d93',\n" +
  "      nombre: 'Mochila Notebook Candado Antirrobo Anti Cortes Agarre Carry',\n" +
  "      descripcion: 'La mochila South Port Antirrobo con candado TSA resistente al gua protege tus valiosos equipos en cualquier situación. Puedes estar tranquilo donde sea que vayas.\\n' +\n" +
  "        'Especialmente diseñada para que puedas llevar todo lo que necesites. Fabricada en los mejores materiales, protegerá los más valiosos equipos. No sólo la puedes usar como mochila, también la puedes usar como bolso gracias a su suave manija. Ademas cuenta con puerto USB el cual te permitira cargar el celular sin que tengas el Power Bank en tu bolsillo (no incluido). \\n' +\n" +
  "        '////////////////////////////////////////////////////////////////\\n' +\n" +
  "        '\\n' +\n" +
  "        'CARACTERÍSTICAS:\\n' +\n" +
  "        '\\n' +\n" +
  "        '\\n' +\n" +
  "        '- Capacidad de 30L\\n' +\n" +
  "        '\\n' +\n" +
  "        '- Compatible con Notebook hasta 15.6”\\n' +\n" +
  "        '\\n' +\n" +
  "        '- Sistema Seguro Antirrobo: Candado Antirrobo con contraseña\\n' +\n" +
  "        '\\n' +\n" +
  "        '- Tela Anti Cortes\\n' +\n" +
  "        '\\n' +\n" +
  "        '- Puerto USB para carga de celular\\n' +\n" +
  "        '\\n' +\n" +
  "        '- Puerto Para Auriculares\\n' +\n" +
  "        '\\n' +\n" +
  "        '- Interior con organizador inteligente\\n' +\n" +
  "        '\\n' +\n" +
  "        '- Candado incorporado\\n' +\n" +
  "        '\\n' +\n" +
  "        '- Material Resistente al Agua\\n' +\n" +
  "        '\\n' +\n" +
  "        '- Diseño Ergonómico\\n' +\n" +
  "        '\\n' +\n" +
  "        '- Agarre para Carry on\\n' +\n" +
  "        '\\n' +\n" +
  "        '- Tiras Ajustables en bolsillos\\n' +\n" +
  "        '\\n' +\n" +
  "        '- Bolsillos laterales de fácil acceso\\n' +\n" +
  "        '\\n' +\n" +
  "        '- Dimensiones: 50,8 x 30 x 14cm\\n' +\n" +
  "        '\\n' +\n" +
  "        '- Cierres Metalicos\\n' +\n" +
  "        '\\n' +\n" +
  "        '- Bolsillo Escondido de adelante\\n' +\n" +
  "        '\\n' +\n" +
  "        '- Viene con cable usb\\n' +\n" +
  "        '\\n' +\n" +
  "        '\\n' +\n" +
  "        'SE ENTREGA CON:\\n' +\n" +
  "        '\\n' +\n" +
  "        '\\n' +\n" +
  "        '- Mochila South Port Usb x 1\\n' +\n" +
  "        '\\n' +\n" +
  "        '- Cable usb x 1\\n' +\n" +
  "        '\\n' +\n" +
  "        '- Cable auxiliar 3.5 mm x 1',\n" +
  "      foto: 'https://http2.mlstatic.com/D_NQ_NP_2X_887480-MLA46819898122_072021-F.webp',\n" +
  '      precio: 11049.2,\n' +
  '      stock: 11\n' +
  '    },\n' +
  '    quantity: 8\n' +
  '  }\n' +
  ']" (type string) at path "products.0"
[2022-05-25T23:07:42.742] [ERROR] error - Cast to [ObjectId] failed for value "[\n' +
  '  {\n' +
  '    price: 11049.2,\n' +
  '    product: {\n' +
  '      _id: new ObjectId("628c3cf921a40c383e3be9b4"),\n' +
  "      codigo: 'bcf25b77-ade3-4b52-9e48-530d7ade8d93',\n" +
  "      nombre: 'Mochila Notebook Candado Antirrobo Anti Cortes Agarre Carry',\n" +
  "      descripcion: 'La mochila South Port Antirrobo con candado TSA resistente al gua protege tus valiosos equipos en cualquier situación. Puedes estar tranquilo donde sea que vayas.\\n' +\n" +
  "        'Especialmente diseñada para que puedas llevar todo lo que necesites. Fabricada en los mejores materiales, protegerá los más valiosos equipos. No sólo la puedes usar como mochila, también la puedes usar como bolso gracias a su suave manija. Ademas cuenta con puerto USB el cual te permitira cargar el celular sin que tengas el Power Bank en tu bolsillo (no incluido). \\n' +\n" +
  "        '////////////////////////////////////////////////////////////////\\n' +\n" +
  "        '\\n' +\n" +
  "        'CARACTERÍSTICAS:\\n' +\n" +
  "        '\\n' +\n" +
  "        '\\n' +\n" +
  "        '- Capacidad de 30L\\n' +\n" +
  "        '\\n' +\n" +
  "        '- Compatible con Notebook hasta 15.6”\\n' +\n" +
  "        '\\n' +\n" +
  "        '- Sistema Seguro Antirrobo: Candado Antirrobo con contraseña\\n' +\n" +
  "        '\\n' +\n" +
  "        '- Tela Anti Cortes\\n' +\n" +
  "        '\\n' +\n" +
  "        '- Puerto USB para carga de celular\\n' +\n" +
  "        '\\n' +\n" +
  "        '- Puerto Para Auriculares\\n' +\n" +
  "        '\\n' +\n" +
  "        '- Interior con organizador inteligente\\n' +\n" +
  "        '\\n' +\n" +
  "        '- Candado incorporado\\n' +\n" +
  "        '\\n' +\n" +
  "        '- Material Resistente al Agua\\n' +\n" +
  "        '\\n' +\n" +
  "        '- Diseño Ergonómico\\n' +\n" +
  "        '\\n' +\n" +
  "        '- Agarre para Carry on\\n' +\n" +
  "        '\\n' +\n" +
  "        '- Tiras Ajustables en bolsillos\\n' +\n" +
  "        '\\n' +\n" +
  "        '- Bolsillos laterales de fácil acceso\\n' +\n" +
  "        '\\n' +\n" +
  "        '- Dimensiones: 50,8 x 30 x 14cm\\n' +\n" +
  "        '\\n' +\n" +
  "        '- Cierres Metalicos\\n' +\n" +
  "        '\\n' +\n" +
  "        '- Bolsillo Escondido de adelante\\n' +\n" +
  "        '\\n' +\n" +
  "        '- Viene con cable usb\\n' +\n" +
  "        '\\n' +\n" +
  "        '\\n' +\n" +
  "        'SE ENTREGA CON:\\n' +\n" +
  "        '\\n' +\n" +
  "        '\\n' +\n" +
  "        '- Mochila South Port Usb x 1\\n' +\n" +
  "        '\\n' +\n" +
  "        '- Cable usb x 1\\n' +\n" +
  "        '\\n' +\n" +
  "        '- Cable auxiliar 3.5 mm x 1',\n" +
  "      foto: 'https://http2.mlstatic.com/D_NQ_NP_2X_887480-MLA46819898122_072021-F.webp',\n" +
  '      precio: 11049.2,\n' +
  '      stock: 11\n' +
  '    },\n' +
  '    quantity: 8\n' +
  '  }\n' +
  ']" (type string) at path "products.0"
[2022-05-25T23:15:40.848] [ERROR] error - Cannot read properties of undefined (reading 'price')
[2022-05-25T23:52:06.255] [ERROR] error - -MongoDB- Document with id: 628ee0e0f8d8f9ca2e533028 could not been found!
[2022-05-25T23:54:28.455] [ERROR] error - -MongoDB- Document with id: 628eeb60c1080048f5b1a8df could not been found!
[2022-05-26T00:14:41.639] [ERROR] error - carts validation failed: user: Cast to ObjectId failed for value "628c7299b914f61a06299ca7falso" (type string) at path "user"
[2022-05-26T00:46:24.843] [ERROR] error - Cannot read properties of undefined (reading 'user')
[2022-05-26T00:47:07.859] [ERROR] error - Cannot read properties of undefined (reading 'user')
[2022-05-26T00:49:30.066] [ERROR] error - Cannot read properties of undefined (reading 'user')
[2022-05-26T00:49:41.607] [ERROR] error - Cannot read properties of undefined (reading 'user')
[2022-05-26T00:50:28.441] [ERROR] error - Cannot read properties of undefined (reading 'user')
[2022-05-26T00:51:07.090] [ERROR] error - Cannot read properties of undefined (reading 'user')
[2022-05-26T00:51:29.989] [ERROR] error - Cannot read properties of undefined (reading 'user')
[2022-05-26T03:27:35.560] [ERROR] error - Failed to lookup view "cartPage" in views directory "./views"
