[2022-05-24T16:45:08.961] [WARN] warn - Ruta /favicon.ico del método GET no implementada
[2022-05-24T17:02:08.675] [WARN] warn - Ruta /favicon.ico del método GET no implementada
[2022-05-24T17:02:30.744] [WARN] warn - Ruta /perfil del método GET no implementada
[2022-05-24T17:24:58.963] [WARN] warn - Ruta /perfil del método GET no implementada
[2022-05-24T17:28:24.394] [WARN] warn - Ruta /public/avatars/avatar-1653371545360.jpeg del método GET no implementada
[2022-05-24T17:46:37.723] [WARN] warn - Ruta /favicon.ico del método GET no implementada
[2022-05-24T18:35:43.838] [WARN] warn - Ruta /favicon.ico del método GET no implementada
[2022-05-24T18:45:04.029] [WARN] warn - Ruta /favicon.ico del método GET no implementada
[2022-05-24T18:46:53.757] [WARN] warn - Ruta /carrito del método GET no implementada
[2022-05-24T18:47:15.328] [WARN] warn - Ruta /carrito del método GET no implementada
[2022-05-24T18:47:23.514] [WARN] warn - Ruta /cart del método GET no implementada
[2022-05-24T18:59:10.745] [WARN] warn - Ruta /favicon.ico del método GET no implementada
[2022-05-24T19:13:51.960] [WARN] warn - Ruta /cart del método GET no implementada
[2022-05-24T19:13:56.978] [WARN] warn - Ruta /cart del método GET no implementada
[2022-05-24T19:29:11.285] [WARN] warn - Ruta /favicon.ico del método GET no implementada
[2022-05-24T19:46:54.746] [WARN] warn - Ruta /favicon.ico del método GET no implementada
[2022-05-24T20:55:13.410] [WARN] warn - Ruta /favicon.ico del método GET no implementada
[2022-05-24T21:00:19.500] [WARN] warn - Ruta /favicon.ico del método GET no implementada
[2022-05-24T22:00:45.639] [WARN] warn - Ruta /favicon.ico del método GET no implementada
[2022-05-24T22:33:11.985] [WARN] warn - Ruta /favicon.ico del método GET no implementada
[2022-05-24T22:50:57.083] [WARN] warn - Ruta /favicon.ico del método GET no implementada
[2022-05-24T22:53:20.274] [WARN] warn - Ruta /favicon.ico del método GET no implementada
[2022-05-24T22:55:27.512] [WARN] warn - Ruta /favicon.ico del método GET no implementada
[2022-05-24T23:50:30.904] [WARN] warn - Ruta /cart del método GET no implementada
[2022-05-25T20:27:37.211] [WARN] warn - Ruta /favicon.ico del método GET no implementada
[2022-05-25T20:28:04.725] [WARN] warn - Ruta /cart del método GET no implementada
[2022-05-25T21:25:11.154] [WARN] warn - Ruta /order-cart/624334a9b19c0dfeeed579e8 del método DELETE no implementada
[2022-05-25T21:25:16.617] [WARN] warn - Ruta /order-cart/624336686051c3e17a6741db/productos del método GET no implementada
[2022-05-25T21:25:22.256] [WARN] warn - Ruta /order-cart/624336686051c3e17a6741db/productos del método POST no implementada
[2022-05-25T21:25:28.562] [WARN] warn - Ruta /order-cart/624334a9b19c0dfeeed579e8/productos/6242413f2a4fb1bba4528e8f del método DELETE no implementada
[2022-05-25T21:25:34.837] [WARN] warn - Ruta /order-cart del método POST no implementada
[2022-05-25T21:28:27.070] [WARN] warn - Ruta /order-cart del método POST no implementada
[2022-05-26T00:24:19.421] [WARN] warn - Ruta /favicon.ico del método GET no implementada
[2022-05-26T00:25:01.073] [WARN] warn - Ruta /cart del método GET no implementada
[2022-05-26T00:29:34.142] [WARN] warn - Ruta /favicon.ico del método GET no implementada
[2022-05-26T01:13:06.374] [WARN] warn - Ruta /favicon.ico del método GET no implementada
[2022-05-26T03:18:39.363] [WARN] warn - Ruta /favicon.ico del método GET no implementada
[2022-05-26T03:35:15.253] [WARN] warn - Ruta /favicon.ico del método GET no implementada
[2022-05-26T03:50:12.995] [WARN] warn - Ruta /favicon.ico del método GET no implementada
[2022-05-26T04:11:20.158] [WARN] warn - Ruta /favicon.ico del método GET no implementada
[2022-05-26T04:16:15.826] [WARN] warn - Ruta /icons/delete del método GET no implementada
[2022-05-26T04:19:37.117] [WARN] warn - Ruta /localhost/icons/delete del método GET no implementada
[2022-05-26T04:20:04.736] [WARN] warn - Ruta /$http://%7Bdocument.domain%7D/icons/delete del método GET no implementada
[2022-05-26T04:20:56.175] [WARN] warn - Ruta /icons/delete del método GET no implementada
[2022-05-26T04:21:00.238] [WARN] warn - Ruta /icons/delete del método GET no implementada
[2022-05-26T04:21:08.312] [WARN] warn - Ruta /public del método GET no implementada
[2022-05-26T04:21:25.494] [WARN] warn - Ruta /icons/delete del método GET no implementada
